2024.06.24 00:33:12 INFO  Started: Metals version 1.3.2 in folders '/home/axob12/Desktop/SCS2204/Functional-Programming-Practical-Submission/Practical-02' for client Visual Studio Code 1.90.1.[0m
SLF4J(W): Class path contains multiple SLF4J providers.
SLF4J(W): Found provider [scribe.slf4j.ScribeServiceProvider@44aa9c99]
SLF4J(W): Found provider [ch.qos.logback.classic.spi.LogbackServiceProvider@63b2b0a3]
SLF4J(W): See https://www.slf4j.org/codes.html#multiple_bindings for an explanation.
SLF4J(I): Actual provider is of type [scribe.slf4j.ScribeServiceProvider@44aa9c99]
2024.06.24 00:33:14 WARN  Flyway upgrade recommended: H2 2.2.224 is newer than this version of Flyway and support has not been tested. The latest supported version of H2 is 2.2.220.[0m
Jun 24, 2024 12:33:15 AM org.eclipse.lsp4j.jsonrpc.RemoteEndpoint handleCancellation
WARNING: Unmatched cancel notification for request id 3
2024.06.24 00:33:15 INFO  no build target found for /home/axob12/Desktop/SCS2204/Functional-Programming-Practical-Submission/Practical-02/Q1.scala. Using presentation compiler with project's scala-library version: 3.3.3[0m
2024.06.24 00:33:15 INFO  no build target found for /home/axob12/Desktop/SCS2204/Functional-Programming-Practical-Submission/Practical-02/Q1.scala. Using presentation compiler with project's scala-library version: 3.3.3[0m
Jun 24, 2024 12:33:16 AM org.eclipse.lsp4j.jsonrpc.RemoteEndpoint handleCancellation
WARNING: Unmatched cancel notification for request id 1
2024.06.24 00:33:15 INFO  no build target found for /home/axob12/Desktop/SCS2204/Functional-Programming-Practical-Submission/Practical-02/Q1.scala. Using presentation compiler with project's scala-library version: 3.3.3[0m
2024.06.24 00:33:16 INFO  no build target found for /home/axob12/Desktop/SCS2204/Functional-Programming-Practical-Submission/Practical-02/Q1.scala. Using presentation compiler with project's scala-library version: 3.3.3[0m
2024.06.24 00:33:17 INFO  no build target found for /home/axob12/Desktop/SCS2204/Functional-Programming-Practical-Submission/Practical-02/Q1.scala. Using presentation compiler with project's scala-library version: 3.3.3[0m
Jun 24, 2024 12:33:17 AM org.eclipse.lsp4j.jsonrpc.RemoteEndpoint handleCancellation
WARNING: Unmatched cancel notification for request id 10
2024.06.24 00:33:17 INFO  no build target found for /home/axob12/Desktop/SCS2204/Functional-Programming-Practical-Submission/Practical-02/Q1.scala. Using presentation compiler with project's scala-library version: 3.3.3[0m
2024.06.24 00:33:17 INFO  no build target found for /home/axob12/Desktop/SCS2204/Functional-Programming-Practical-Submission/Practical-02/Q1.scala. Using presentation compiler with project's scala-library version: 3.3.3[0m
2024.06.24 00:33:17 INFO  no build target found for /home/axob12/Desktop/SCS2204/Functional-Programming-Practical-Submission/Practical-02/Q1.scala. Using presentation compiler with project's scala-library version: 3.3.3[0m
Jun 24, 2024 12:33:17 AM org.eclipse.lsp4j.jsonrpc.RemoteEndpoint handleCancellation
WARNING: Unmatched cancel notification for request id 19
2024.06.24 00:33:17 INFO  no build target found for /home/axob12/Desktop/SCS2204/Functional-Programming-Practical-Submission/Practical-02/Q1.scala. Using presentation compiler with project's scala-library version: 3.3.3[0m
2024.06.24 00:33:18 INFO  no build target found for /home/axob12/Desktop/SCS2204/Functional-Programming-Practical-Submission/Practical-02/Q1.scala. Using presentation compiler with project's scala-library version: 3.3.3[0m
2024.06.24 00:33:18 INFO  no build target found for /home/axob12/Desktop/SCS2204/Functional-Programming-Practical-Submission/Practical-02/Q1.scala. Using presentation compiler with project's scala-library version: 3.3.3[0m
2024.06.24 00:33:19 INFO  no build target found for /home/axob12/Desktop/SCS2204/Functional-Programming-Practical-Submission/Practical-02/Q1.scala. Using presentation compiler with project's scala-library version: 3.3.3[0m
2024.06.24 00:33:19 INFO  no build target found for /home/axob12/Desktop/SCS2204/Functional-Programming-Practical-Submission/Practical-02/Q1.scala. Using presentation compiler with project's scala-library version: 3.3.3[0m
2024.06.24 00:33:22 INFO  no build target found for /home/axob12/Desktop/SCS2204/Functional-Programming-Practical-Submission/Practical-02/Q1.scala. Using presentation compiler with project's scala-library version: 3.3.3[0m
2024.06.24 00:33:23 WARN  no build target for: /home/axob12/Desktop/SCS2204/Functional-Programming-Practical-Submission/Practical-02/Q1.scala[0m
2024.06.24 00:33:23 INFO  no build target found for /home/axob12/Desktop/SCS2204/Functional-Programming-Practical-Submission/Practical-02/Q1.scala. Using presentation compiler with project's scala-library version: 3.3.3[0m
2024.06.24 00:33:26 WARN  no build target for: /home/axob12/Desktop/SCS2204/Functional-Programming-Practical-Submission/Practical-02/Q1.scala[0m
2024.06.24 00:33:26 INFO  no build target found for /home/axob12/Desktop/SCS2204/Functional-Programming-Practical-Submission/Practical-02/Q1.scala. Using presentation compiler with project's scala-library version: 3.3.3[0m
2024.06.24 00:33:29 INFO  no build target found for /home/axob12/Desktop/SCS2204/Functional-Programming-Practical-Submission/Practical-02/Q1.scala. Using presentation compiler with project's scala-library version: 3.3.3[0m
2024.06.24 00:33:29 INFO  no build target found for /home/axob12/Desktop/SCS2204/Functional-Programming-Practical-Submission/Practical-02/Q1.scala. Using presentation compiler with project's scala-library version: 3.3.3[0m
2024.06.24 00:33:31 INFO  Running List(/home/axob12/.local/share/coursier/bin/scala-cli, setup-ide, /home/axob12/Desktop/SCS2204/Functional-Programming-Practical-Submission/Practical-02)[0m
2024.06.24 00:33:31 INFO  Attempting to connect to the build server...[0m
2024.06.24 00:33:31 INFO  Running BSP server List(/home/axob12/.local/share/coursier/bin/.scala-cli.aux, bsp, --json-options, /home/axob12/Desktop/SCS2204/Functional-Programming-Practical-Submission/Practical-02/.scala-build/ide-options-v2.json, --json-launcher-options, /home/axob12/Desktop/SCS2204/Functional-Programming-Practical-Submission/Practical-02/.scala-build/ide-launcher-options.json, --envs-file, /home/axob12/Desktop/SCS2204/Functional-Programming-Practical-Submission/Practical-02/.scala-build/ide-envs.json, /home/axob12/Desktop/SCS2204/Functional-Programming-Practical-Submission/Practical-02)[0m
2024.06.24 00:33:32 INFO  tracing is disabled for protocol BSP, to enable tracing of incoming and outgoing JSON messages create an empty file at /home/axob12/Desktop/SCS2204/Functional-Programming-Practical-Submission/Practical-02/.metals/bsp.trace.json or /home/axob12/.cache/metals/bsp.trace.json[0m
2024.06.24 00:33:32 INFO  time: Connected to build server in 0.82s[0m
2024.06.24 00:33:32 INFO  Connected to Build server: scala-cli v1.3.2[0m
2024.06.24 00:33:33 INFO  compiling practical-02_f4dd477a3a (4 scala sources)[0m
2024.06.24 00:33:35 INFO  Shutting down server[0m
2024.06.24 00:33:35 INFO  shutting down Metals[0m
2024.06.24 00:33:35 INFO  Shut down connection with build server.[0m
2024.06.24 00:33:36 WARN  Could not find java sources in /usr/lib/jvm/src.zip, /usr/lib/jvm/lib/src.zip, /usr/lib/jvm/java-21-openjdk-amd64/src.zip, /usr/lib/jvm/java-21-openjdk-amd64/lib/src.zip. Java symbols will not be available.[0m
2024.06.24 00:33:35 INFO  Exiting server[0m
2024.06.24 00:33:49 INFO  Started: Metals version 1.3.2 in folders '/home/axob12/Desktop/SCS2204/Functional-Programming-Practical-Submission/Practical-02' for client Visual Studio Code 1.90.1.[0m
SLF4J(W): Class path contains multiple SLF4J providers.
SLF4J(W): Found provider [scribe.slf4j.ScribeServiceProvider@64a22345]
SLF4J(W): Found provider [ch.qos.logback.classic.spi.LogbackServiceProvider@b1fc275]
SLF4J(W): See https://www.slf4j.org/codes.html#multiple_bindings for an explanation.
SLF4J(I): Actual provider is of type [scribe.slf4j.ScribeServiceProvider@64a22345]
2024.06.24 00:33:53 WARN  Flyway upgrade recommended: H2 2.2.224 is newer than this version of Flyway and support has not been tested. The latest supported version of H2 is 2.2.220.[0m
2024.06.24 00:33:55 INFO  no build target found for /home/axob12/Desktop/SCS2204/Functional-Programming-Practical-Submission/Practical-02/Q1.scala. Using presentation compiler with project's scala-library version: 3.3.3[0m
2024.06.24 00:33:55 INFO  Attempting to connect to the build server...[0m
2024.06.24 00:33:55 INFO  Running BSP server List(/home/axob12/.local/share/coursier/bin/.scala-cli.aux, bsp, --json-options, /home/axob12/Desktop/SCS2204/Functional-Programming-Practical-Submission/Practical-02/.scala-build/ide-options-v2.json, --json-launcher-options, /home/axob12/Desktop/SCS2204/Functional-Programming-Practical-Submission/Practical-02/.scala-build/ide-launcher-options.json, --envs-file, /home/axob12/Desktop/SCS2204/Functional-Programming-Practical-Submission/Practical-02/.scala-build/ide-envs.json, /home/axob12/Desktop/SCS2204/Functional-Programming-Practical-Submission/Practical-02)[0m
2024.06.24 00:33:55 INFO  tracing is disabled for protocol BSP, to enable tracing of incoming and outgoing JSON messages create an empty file at /home/axob12/Desktop/SCS2204/Functional-Programming-Practical-Submission/Practical-02/.metals/bsp.trace.json or /home/axob12/.cache/metals/bsp.trace.json[0m
2024.06.24 00:33:56 INFO  time: Connected to build server in 1.23s[0m
2024.06.24 00:33:57 INFO  Connected to Build server: scala-cli v1.3.2[0m
2024.06.24 00:33:57 INFO  time: Imported build in 0.15s[0m
2024.06.24 00:33:57 INFO  compiling practical-02_f4dd477a3a (4 scala sources)[0m
2024.06.24 00:34:01 WARN  Could not find java sources in /usr/lib/jvm/src.zip, /usr/lib/jvm/lib/src.zip, /usr/lib/jvm/java-21-openjdk-amd64/src.zip, /usr/lib/jvm/java-21-openjdk-amd64/lib/src.zip. Java symbols will not be available.[0m
2024.06.24 00:34:02 WARN  Could not find java sources in /usr/lib/jvm/src.zip, /usr/lib/jvm/lib/src.zip, /usr/lib/jvm/java-21-openjdk-amd64/src.zip, /usr/lib/jvm/java-21-openjdk-amd64/lib/src.zip. Java symbols will not be available.[0m
2024.06.24 00:34:02 INFO  time: indexed workspace in 5s[0m
2024.06.24 00:39:24 INFO  compiling practical-02_f4dd477a3a (1 scala source)[0m
2024.06.24 00:39:24 INFO  time: compiled Practical-02_f4dd477a3a in 0.22s[0m
2024.06.24 00:40:06 INFO  compiling practical-02_f4dd477a3a (1 scala source)[0m
2024.06.24 00:40:06 INFO  time: compiled Practical-02_f4dd477a3a in 0.2s[0m
Jun 24, 2024 12:41:07 AM org.eclipse.lsp4j.jsonrpc.RemoteEndpoint handleCancellation
WARNING: Unmatched cancel notification for request id 184
2024.06.24 00:43:23 INFO  compiling practical-02_f4dd477a3a (1 scala source)[0m
2024.06.24 00:43:23 INFO  time: compiled Practical-02_f4dd477a3a in 0.27s[0m
2024.06.24 00:43:38 INFO  compiling practical-02_f4dd477a3a (1 scala source)[0m
2024.06.24 00:43:38 INFO  time: compiled Practical-02_f4dd477a3a in 0.19s[0m
2024.06.24 00:45:47 INFO  compiling practical-02_f4dd477a3a (1 scala source)[0m
2024.06.24 00:45:47 INFO  time: compiled Practical-02_f4dd477a3a in 0.21s[0m
2024.06.24 00:46:26 INFO  Shutting down server[0m
2024.06.24 00:46:26 INFO  shutting down Metals[0m
2024.06.24 00:46:26 INFO  Shut down connection with build server.[0m
2024.06.24 00:46:26 INFO  Exiting server[0m
